Arguments: 
  /opt/homebrew/Cellar/node/19.4.0_1/bin/node /opt/homebrew/Cellar/yarn/1.22.17_2/libexec/bin/yarn.js install

PATH: 
  /opt/homebrew/opt/gnu-getopt/bin:/usr/local/opt/gnu-getopt/bin:/usr/local/opt/gnu-getopt/bin:/opt/homebrew/bin:/opt/homebrew/sbin:/usr/local/bin:/usr/bin:/bin:/usr/sbin:/sbin:/etc/platform-tools:/Library/Apple/usr/bin:/opt/homebrew/opt/gnu-getopt/bin:/usr/local/opt/gnu-getopt/bin:/opt/homebrew/bin:/opt/homebrew/sbin

Yarn version: 
  1.22.17

Node version: 
  19.4.0

Platform: 
  darwin arm64

Trace: 
  SyntaxError: /Users/charlesgomes/Documents/Charles/Work/Aminnovent/aitoolfyi/react-express/package.json: Expected double-quoted property name in JSON at position 44
      at JSON.parse (<anonymous>)
      at /opt/homebrew/Cellar/yarn/1.22.17_2/libexec/lib/cli.js:1625:59
      at Generator.next (<anonymous>)
      at step (/opt/homebrew/Cellar/yarn/1.22.17_2/libexec/lib/cli.js:310:30)
      at /opt/homebrew/Cellar/yarn/1.22.17_2/libexec/lib/cli.js:321:13

npm manifest: 
  {
    "name": "aitool",
    "version": "0.1.0",
  <<<<<<< HEAD
    "homepage": "https://amigomes.github.io/react-express",
    "private": true,
    "dependencies": {
      "@emotion/react": "^11.10.5",
      "@emotion/styled": "^11.10.5",
      "@material-ui/core": "^4.12.4",
      "@material-ui/styles": "^4.11.5",
      "@mui/material": "^5.11.8",
      "@mui/styled-engine-sc": "^5.11.0",
      "@testing-library/jest-dom": "^5.16.5",
      "@testing-library/react": "^13.4.0",
      "@testing-library/user-event": "^13.5.0",
      "axios": "^1.3.2",
      "json-server": "^0.17.1",
      "react": "^18.2.0",
      "react-dom": "^18.2.0",
      "react-icons": "^4.7.1",
      "react-infinite-scroll-component": "^6.1.0",
      "react-infinite-scroller": "^1.2.6",
  =======
    "private": true,
    "dependencies": {
      "@testing-library/jest-dom": "^5.16.5",
      "@testing-library/react": "^13.4.0",
      "@testing-library/user-event": "^13.5.0",
      "react": "^18.2.0",
      "react-dom": "^18.2.0",
      "react-icons": "^4.7.1",
  >>>>>>> 4ac2412d9a84ad4507160f250ad5fddc2629f582
      "react-router-dom": "^6.8.1",
      "react-scripts": "5.0.1",
      "styled-components": "^5.3.6",
      "web-vitals": "^2.1.4"
    },
    "scripts": {
  <<<<<<< HEAD
      "predeploy": "npm run build",
      "deploy": "gh-pages -d build",
  =======
  >>>>>>> 4ac2412d9a84ad4507160f250ad5fddc2629f582
      "start": "react-scripts start",
      "build": "react-scripts build",
      "test": "react-scripts test",
      "eject": "react-scripts eject"
    },
    "eslintConfig": {
      "extends": [
        "react-app",
        "react-app/jest"
      ]
    },
    "browserslist": {
      "production": [
        ">0.2%",
        "not dead",
        "not op_mini all"
      ],
      "development": [
        "last 1 chrome version",
        "last 1 firefox version",
        "last 1 safari version"
      ]
    },
    "devDependencies": {
      "gh-pages": "^5.0.0"
    }
  }

yarn manifest: 
  No manifest

Lockfile: 
  No lockfile
